build/app/outputs/mapping/release/configuration.txt
# The proguard configuration file for the following section is default_proguard_files/global/proguard-android.txt-7.3.0
# This is a configuration file for ProGuard.
# http://proguard.sourceforge.net/index.html#manual/usage.html
#
# Starting with version 2.2 of the Android plugin for Gradle, this file is distributed together with
# the plugin and unpacked at build-time. The files in $ANDROID_HOME are no longer maintained and
# will be ignored by new version of the Android plugin for Gradle.

# Optimization is turned off by default. Dex does not like code run
# through the ProGuard optimize steps (and performs some
# of these optimizations on its own).
# Note that if you want to enable optimization, you cannot just
# include optimization flags in your own project configuration file;
# instead you will need to point to the
# "proguard-android-optimize.txt" file instead of this one from your
# project.properties file.
-dontoptimize

-dontusemixedcaseclassnames
-dontskipnonpubliclibraryclasses
-verbose

# Preserve some attributes that may be required for reflection.
-keepattributes AnnotationDefault,
                EnclosingMethod,
                InnerClasses,
                RuntimeVisibleAnnotations,
                RuntimeVisibleParameterAnnotations,
                RuntimeVisibleTypeAnnotations,
                Signature

-keep public class com.google.vending.licensing.ILicensingService
-keep public class com.android.vending.licensing.ILicensingService
-keep public class com.google.android.vending.licensing.ILicensingService
-dontnote com.android.vending.licensing.ILicensingService
-dontnote com.google.vending.licensing.ILicensingService
-dontnote com.google.android.vending.licensing.ILicensingService

# For native methods, see http://proguard.sourceforge.net/manual/examples.html#native
-keepclasseswithmembernames,includedescriptorclasses class * {
    native <methods>;
}

# Keep setters in Views so that animations can still work.
-keepclassmembers public class * extends android.view.View {
    void set*(***);
    *** get*();
}

# We want to keep methods in Activity that could be used in the XML attribute onClick.
-keepclassmembers class * extends android.app.Activity {
    public void *(android.view.View);
}

# For enumeration classes, see http://proguard.sourceforge.net/manual/examples.html#enumerations
-keepclassmembers enum * {
    public static **[] values();
    public static ** valueOf(java.lang.String);
}

-keepclassmembers class * implements android.os.Parcelable {
    public static final ** CREATOR;
}

# Preserve annotated Javascript interface methods.
-keepclassmembers class * {
    @android.webkit.JavascriptInterface <methods>;
}

# The support libraries contains references to newer platform versions.
# Don't warn about those in case this app is linking against an older
# platform version. We know about them, and they are safe.
-dontnote android.support.**
-dontnote androidx.**
-dontwarn android.support.**
-dontwarn androidx.**

# This class is deprecated, but remains for backward compatibility.
-dontwarn android.util.FloatMath

# Understand the @Keep support annotation.
-keep class android.support.annotation.Keep
-keep class androidx.annotation.Keep

-keep @android.support.annotation.Keep class * {*;}
-keep @androidx.annotation.Keep class * {*;}

-keepclasseswithmembers class * {
    @android.support.annotation.Keep <methods>;
}

-keepclasseswithmembers class * {
    @androidx.annotation.Keep <methods>;
}

-keepclasseswithmembers class * {
    @android.support.annotation.Keep <fields>;
}

-keepclasseswithmembers class * {
    @androidx.annotation.Keep <fields>;
}

-keepclasseswithmembers class * {
    @android.support.annotation.Keep <init>(...);
}

-keepclasseswithmembers class * {
    @androidx.annotation.Keep <init>(...);
}

# These classes are duplicated between android.jar and org.apache.http.legacy.jar.
-dontnote org.apache.http.**
-dontnote android.net.http.**

# These classes are duplicated between android.jar and core-lambda-stubs.jar.
-dontnote java.lang.invoke.**

# End of content from default_proguard_files/global/proguard-android.txt-7.3.0
# The proguard configuration file for the following section is flutter_tools/gradle/flutter_proguard_rules.pro
# Build the ephemeral app in a module project.
# Prevents: Warning: library class <plugin-package> depends on program class io.flutter.plugin.**
# This is due to plugins (libraries) depending on the embedding (the program jar)
-dontwarn io.flutter.plugin.**

# The android.** package is provided by the OS at runtime.
-dontwarn android.**

# End of content from flutter_tools/gradle/flutter_proguard_rules.pro
# The proguard configuration file for the following section is aapt_proguard_file/release/aapt_rules.txt
-keep class android.app.Application { <init>(); }
-keep class androidx.core.app.CoreComponentFactory { <init>(); }
-keep class androidx.profileinstaller.ProfileInstallReceiver { <init>(); }
-keep class androidx.startup.InitializationProvider { <init>(); }
-keep class com.example.divmeds.MainActivity { <init>(); }
-keep class com.google.android.gms.metadata.ModuleDependencies { <init>(); }
-keep class com.yalantis.ucrop.UCropActivity { <init>(); }
-keep class dev.fluttercommunity.plus.share.ShareFileProvider { <init>(); }
-keep class dev.fluttercommunity.plus.share.SharePlusPendingIntent { <init>(); }
-keep class io.flutter.plugins.imagepicker.ImagePickerFileProvider { <init>(); }
-keep class io.flutter.plugins.urllauncher.WebViewActivity { <init>(); }
-keep class android.widget.Space { <init>(android.content.Context, android.util.AttributeSet); }

-keep class androidx.appcompat.app.AlertController$RecycleListView { <init>(android.content.Context, android.util.AttributeSet); }

-keep class androidx.appcompat.view.menu.ActionMenuItemView { <init>(android.content.Context, android.util.AttributeSet); }

-keep class androidx.appcompat.view.menu.ExpandedMenuView { <init>(android.content.Context, android.util.AttributeSet); }

-keep class androidx.appcompat.view.menu.ListMenuItemView { <init>(android.content.Context, android.util.AttributeSet); }

-keep class androidx.appcompat.widget.ActionBarContainer { <init>(android.content.Context, android.util.AttributeSet); }

-keep class androidx.appcompat.widget.ActionBarContextView { <init>(android.content.Context, android.util.AttributeSet); }

-keep class androidx.appcompat.widget.ActionBarOverlayLayout { <init>(android.content.Context, android.util.AttributeSet); }

-keep class androidx.appcompat.widget.ActionMenuView { <init>(android.content.Context, android.util.AttributeSet); }

-keep class androidx.appcompat.widget.ActivityChooserView$InnerLayout { <init>(android.content.Context, android.util.AttributeSet); }

-keep class androidx.appcompat.widget.AlertDialogLayout { <init>(android.content.Context, android.util.AttributeSet); }

-keep class androidx.appcompat.widget.ButtonBarLayout { <init>(android.content.Context, android.util.AttributeSet); }

-keep class androidx.appcompat.widget.ContentFrameLayout { <init>(android.content.Context, android.util.AttributeSet); }

-keep class androidx.appcompat.widget.DialogTitle { <init>(android.content.Context, android.util.AttributeSet); }

-keep class androidx.appcompat.widget.FitWindowsFrameLayout { <init>(android.content.Context, android.util.AttributeSet); }

-keep class androidx.appcompat.widget.FitWindowsLinearLayout { <init>(android.content.Context, android.util.AttributeSet); }

-keep class androidx.appcompat.widget.SearchView$SearchAutoComplete { <init>(android.content.Context, android.util.AttributeSet); }

-keep class androidx.appcompat.widget.SwitchCompat { <init>(android.content.Context, android.util.AttributeSet); }

-keep class androidx.appcompat.widget.Toolbar { <init>(android.content.Context, android.util.AttributeSet); }

-keep class androidx.appcompat.widget.ViewStubCompat { <init>(android.content.Context, android.util.AttributeSet); }

-keep class androidx.browser.browseractions.BrowserActionsFallbackMenuView { <init>(android.content.Context, android.util.AttributeSet); }

-keep class androidx.core.widget.NestedScrollView { <init>(android.content.Context, android.util.AttributeSet); }

-keep class androidx.preference.UnPressableLinearLayout { <init>(android.content.Context, android.util.AttributeSet); }

-keep class androidx.preference.internal.PreferenceImageView { <init>(android.content.Context, android.util.AttributeSet); }

-keep class androidx.recyclerview.widget.RecyclerView { <init>(android.content.Context, android.util.AttributeSet); }

-keep class com.yalantis.ucrop.view.GestureCropImageView { <init>(android.content.Context, android.util.AttributeSet); }

-keep class com.yalantis.ucrop.view.OverlayView { <init>(android.content.Context, android.util.AttributeSet); }

-keep class com.yalantis.ucrop.view.UCropView { <init>(android.content.Context, android.util.AttributeSet); }

-keep class com.yalantis.ucrop.view.widget.AspectRatioTextView { <init>(android.content.Context, android.util.AttributeSet); }

-keep class com.yalantis.ucrop.view.widget.HorizontalProgressWheelView { <init>(android.content.Context, android.util.AttributeSet); }


# End of content from aapt_proguard_file/release/aapt_rules.txt
# The proguard configuration file for the following section is release/lib0/proguard.txt
# The point of this package is to specify that a dependent plugin intends to
# use the AndroidX lifecycle classes. Make sure no R8 heuristics shrink classes
# brought in by the embedding's pom.
#
# This isn't strictly needed since by definition, plugins using Android
# lifecycles should implement DefaultLifecycleObserver and therefore keep it
# from being shrunk. But there seems to be an R8 bug so this needs to stay
# https://issuetracker.google.com/issues/142778206.
-keep class androidx.lifecycle.DefaultLifecycleObserver

# End of content from release/lib0/proguard.txt
# The proguard configuration file for the following section is transformed/preference-1.2.1/proguard.txt
# Copyright (C) 2015 The Android Open Source Project
#
# Licensed under the Apache License, Version 2.0 (the "License");
# you may not use this file except in compliance with the License.
# You may obtain a copy of the License at
#
#      http://www.apache.org/licenses/LICENSE-2.0
#
# Unless required by applicable law or agreed to in writing, software
# distributed under the License is distributed on an "AS IS" BASIS,
# WITHOUT WARRANTIES OR CONDITIONS OF ANY KIND, either express or implied.
# See the License for the specific language governing permissions and
# limitations under the License.

# Preference objects are inflated via reflection
-keep public class androidx.preference.Preference {
    public <init>(android.content.Context, android.util.AttributeSet);
}
-keep public class * extends androidx.preference.Preference {
    public <init>(android.content.Context, android.util.AttributeSet);
}

# End of content from transformed/preference-1.2.1/proguard.txt
# The proguard configuration file for the following section is transformed/appcompat-1.6.1/proguard.txt
# Copyright (C) 2018 The Android Open Source Project
#
# Licensed under the Apache License, Version 2.0 (the "License");
# you may not use this file except in compliance with the License.
# You may obtain a copy of the License at
#
#      http://www.apache.org/licenses/LICENSE-2.0
#
# Unless required by applicable law or agreed to in writing, software
# distributed under the License is distributed on an "AS IS" BASIS,
# WITHOUT WARRANTIES OR CONDITIONS OF ANY KIND, either express or implied.
# See the License for the specific language governing permissions and
# limitations under the License.

# aapt is not able to read app::actionViewClass and app:actionProviderClass to produce proguard
# keep rules. Add a commonly used SearchView to the keep list until b/109831488 is resolved.
-keep class androidx.appcompat.widget.SearchView { <init>(...); }

# Never inline methods, but allow shrinking and obfuscation.
-keepclassmembernames,allowobfuscation,allowshrinking class androidx.appcompat.widget.AppCompatTextViewAutoSizeHelper$Impl* {
  <methods>;
}

# End of content from transformed/appcompat-1.6.1/proguard.txt
# The proguard configuration file for the following section is transformed/fragment-1.7.1/proguard.txt
# Copyright (C) 2020 The Android Open Source Project
#
# Licensed under the Apache License, Version 2.0 (the "License");
# you may not use this file except in compliance with the License.
# You may obtain a copy of the License at
#
#      http://www.apache.org/licenses/LICENSE-2.0
#
# Unless required by applicable law or agreed to in writing, software
# distributed under the License is distributed on an "AS IS" BASIS,
# WITHOUT WARRANTIES OR CONDITIONS OF ANY KIND, either express or implied.
# See the License for the specific language governing permissions and
# limitations under the License.

# The default FragmentFactory creates Fragment instances using reflection
-if public class ** extends androidx.fragment.app.Fragment
-keepclasseswithmembers,allowobfuscation public class <1> {
    public <init>();
}

# FragmentTransition will reflectively lookup:
# androidx.transition.FragmentTransitionSupport
# We should ensure that we keep the constructor if the code using this is alive
-if class androidx.fragment.app.FragmentTransition {
   private static androidx.fragment.app.FragmentTransitionImpl resolveSupportImpl();
}
-keep class androidx.transition.FragmentTransitionSupport {
    public <init>();
}

# End of content from transformed/fragment-1.7.1/proguard.txt
# The proguard configuration file for the following section is transformed/jetified-media3-extractor-1.4.0/proguard.txt
# Proguard rules specific to the extractor module.

# Methods accessed via reflection in DefaultExtractorsFactory
-dontnote androidx.media3.decoder.flac.FlacExtractor
-keepclassmembers class androidx.media3.decoder.flac.FlacExtractor {
  <init>(int);
}
-dontnote androidx.media3.decoder.flac.FlacLibrary
-keepclassmembers class androidx.media3.decoder.flac.FlacLibrary {
  public static boolean isAvailable();
}
-dontnote androidx.media3.decoder.midi.MidiExtractor
-keepclassmembers class androidx.media3.decoder.midi.MidiExtractor {
  <init>();
}

# Don't warn about checkerframework and Kotlin annotations
-dontwarn org.checkerframework.**
-dontwarn kotlin.annotations.jvm.**
-dontwarn javax.annotation.**

# End of content from transformed/jetified-media3-extractor-1.4.0/proguard.txt
# The proguard configuration file for the following section is transformed/jetified-media3-datasource-1.4.0/proguard.txt
# Proguard rules specific to the DataSource module.

# Constant folding for resource integers may mean that a resource passed to this method appears to be unused. Keep the method to prevent this from happening.
-keepclassmembers class androidx.media3.datasource.RawResourceDataSource {
  public static android.net.Uri buildRawResourceUri(int);
}

# Constructors accessed via reflection in DefaultDataSource
-dontnote androidx.media3.datasource.rtmp.RtmpDataSource
-keepclassmembers class androidx.media3.datasource.rtmp.RtmpDataSource {
  <init>();
}

# End of content from transformed/jetified-media3-datasource-1.4.0/proguard.txt
# The proguard configuration file for the following section is transformed/jetified-media3-common-1.4.0/proguard.txt
# Proguard rules specific to the common module.

# Don't warn about checkerframework and Kotlin annotations
-dontwarn org.checkerframework.**
-dontwarn kotlin.annotations.jvm.**
-dontwarn javax.annotation.**

# From https://github.com/google/guava/wiki/UsingProGuardWithGuava
-dontwarn java.lang.ClassValue
-dontwarn java.lang.SafeVarargs
-dontwarn javax.lang.model.element.Modifier
-dontwarn sun.misc.Unsafe

# Don't warn about Guava's compile-only dependencies.
# These lines are needed for ProGuard but not R8.
-dontwarn com.google.errorprone.annotations.**
-dontwarn com.google.j2objc.annotations.**
-dontwarn org.codehaus.mojo.animal_sniffer.IgnoreJRERequirement

# Workaround for https://issuetracker.google.com/issues/112297269
# This is needed for ProGuard but not R8.
-keepclassmembernames class com.google.common.base.Function { *; }

# End of content from transformed/jetified-media3-common-1.4.0/proguard.txt
# The proguard configuration file for the following section is transformed/jetified-media3-exoplayer-1.4.0/proguard.txt
# Proguard rules specific to the core module.

# Constructors accessed via reflection in DefaultRenderersFactory
-dontnote androidx.media3.decoder.vp9.LibvpxVideoRenderer
-keepclassmembers class androidx.media3.decoder.vp9.LibvpxVideoRenderer {
  <init>(long, android.os.Handler, androidx.media3.exoplayer.video.VideoRendererEventListener, int);
}
-dontnote androidx.media3.decoder.av1.Libgav1VideoRenderer
-keepclassmembers class androidx.media3.decoder.av1.Libgav1VideoRenderer {
  <init>(long, android.os.Handler, androidx.media3.exoplayer.video.VideoRendererEventListener, int);
}
-dontnote androidx.media3.decoder.ffmpeg.ExperimentalFfmpegVideoRenderer
-keepclassmembers class androidx.media3.decoder.ffmpeg.ExperimentalFfmpegVideoRenderer {
  <init>(long, android.os.Handler, androidx.media3.exoplayer.video.VideoRendererEventListener, int);
}
-dontnote androidx.media3.decoder.opus.LibopusAudioRenderer
-keepclassmembers class androidx.media3.decoder.opus.LibopusAudioRenderer {
  <init>(android.os.Handler, androidx.media3.exoplayer.audio.AudioRendererEventListener, androidx.media3.exoplayer.audio.AudioSink);
}
-dontnote androidx.media3.decoder.flac.LibflacAudioRenderer
-keepclassmembers class androidx.media3.decoder.flac.LibflacAudioRenderer {
  <init>(android.os.Handler, androidx.media3.exoplayer.audio.AudioRendererEventListener, androidx.media3.exoplayer.audio.AudioSink);
}
-dontnote androidx.media3.decoder.ffmpeg.FfmpegAudioRenderer
-keepclassmembers class androidx.media3.decoder.ffmpeg.FfmpegAudioRenderer {
  <init>(android.os.Handler, androidx.media3.exoplayer.audio.AudioRendererEventListener, androidx.media3.exoplayer.audio.AudioSink);
}
-dontnote androidx.media3.decoder.midi.MidiRenderer
-keepclassmembers class androidx.media3.decoder.midi.MidiRenderer {
  <init>(android.content.Context);
}

# Constructors accessed via reflection in DefaultDownloaderFactory
-dontnote androidx.media3.exoplayer.dash.offline.DashDownloader
-keepclassmembers class androidx.media3.exoplayer.dash.offline.DashDownloader {
  <init>(androidx.media3.common.MediaItem, androidx.media3.datasource.cache.CacheDataSource$Factory, java.util.concurrent.Executor);
}
-dontnote androidx.media3.exoplayer.hls.offline.HlsDownloader
-keepclassmembers class androidx.media3.exoplayer.hls.offline.HlsDownloader {
  <init>(androidx.media3.common.MediaItem, androidx.media3.datasource.cache.CacheDataSource$Factory, java.util.concurrent.Executor);
}
-dontnote androidx.media3.exoplayer.smoothstreaming.offline.SsDownloader
-keepclassmembers class androidx.media3.exoplayer.smoothstreaming.offline.SsDownloader {
  <init>(androidx.media3.common.MediaItem, androidx.media3.datasource.cache.CacheDataSource$Factory, java.util.concurrent.Executor);
}

# Constructors accessed via reflection in DefaultMediaSourceFactory
-dontnote androidx.media3.exoplayer.dash.DashMediaSource$Factory
-keepclasseswithmembers class androidx.media3.exoplayer.dash.DashMediaSource$Factory {
  <init>(androidx.media3.datasource.DataSource$Factory);
}
-dontnote androidx.media3.exoplayer.hls.HlsMediaSource$Factory
-keepclasseswithmembers class androidx.media3.exoplayer.hls.HlsMediaSource$Factory {
  <init>(androidx.media3.datasource.DataSource$Factory);
}
-dontnote androidx.media3.exoplayer.smoothstreaming.SsMediaSource$Factory
-keepclasseswithmembers class androidx.media3.exoplayer.smoothstreaming.SsMediaSource$Factory {
  <init>(androidx.media3.datasource.DataSource$Factory);
}
-dontnote androidx.media3.exoplayer.rtsp.RtspMediaSource$Factory