build/app/outputs/mapping/release/seeds.txt
com.example.divmeds.MainActivity
com.example.divmeds.MainActivity: MainActivity()
...
androidx.appcompat.app.AppCompatDelegateImpl$Api24Impl: void generateConfigDelta_locale(android.content.res.Configuration,android.content.res.Configuration,android.content.res.Configuration)
com.yalantis.ucrop.view.GestureCropImageView: void setGestureEnabled(boolean)
io.flutter.embedding.engine.renderer.FlutterRenderer$ImageReaderSurfaceProducer: io.flutter.view.TextureRegistry$SurfaceProducer$Callback access$200(io.flutter.embedding.engine.renderer.FlutterRenderer$ImageReaderSurfaceProducer)
androidx.vectordrawable.graphics.drawable.VectorDrawableCompat$VFullPath: float getTrimPathStart()
androidx.datastore.preferences.protobuf.ExtensionRegistryLite: ExtensionRegistryLite()
io.flutter.plugins.imagepicker.Messages$GeneralOptions: Messages$GeneralOptions()
androidx.core.widget.TextViewCompat$Api23Impl: void setCompoundDrawableTintList(android.widget.TextView,android.content.res.ColorStateList)
androidx.profileinstaller.ProfileVerifier$Api33Impl: android.content.pm.PackageInfo getPackageInfo(android.content.pm.PackageManager,android.content.Context)
io.flutter.plugin.platform.SingleViewPresentation: void onCreate(android.os.Bundle)
com.google.common.collect.AbstractIterator$State: com.google.common.collect.AbstractIterator$State[] values()
androidx.core.graphics.drawable.IconCompat$Api28Impl: android.net.Uri getUri(java.lang.Object)
androidx.core.graphics.drawable.IconCompatParcelizer: androidx.core.graphics.drawable.IconCompat read(androidx.versionedparcelable.VersionedParcel)
androidx.appcompat.widget.SearchView: void setOnQueryTextFocusChangeListener(android.view.View$OnFocusChangeListener)
androidx.appcompat.widget.Toolbar: void setTitle(java.lang.CharSequence)
androidx.core.view.WindowInsetsCompat$Impl: void setRootViewData(androidx.core.graphics.Insets)
androidx.core.view.WindowInsetsCompat$Impl20: boolean equals(java.lang.Object)
com.yalantis.ucrop.view.CropImageView: void setImageToWrapCropBounds(boolean)
androidx.appcompat.view.menu.ActionMenuItemView: void setCheckable(boolean)
androidx.appcompat.widget.Toolbar: java.util.ArrayList getCurrentMenuItems()
androidx.appcompat.widget.ViewStubCompat: void setLayoutInflater(android.view.LayoutInflater)
io.flutter.embedding.engine.renderer.FlutterRenderer$ImageTextureRegistryEntry: android.media.Image acquireLatestImage()
androidx.appcompat.widget.SwitchCompat: android.graphics.PorterDuff$Mode getTrackTintMode()
androidx.appcompat.app.AppCompatDelegateImpl$Api24Impl: void setLocales(android.content.res.Configuration,androidx.core.os.LocaleListCompat)
androidx.recyclerview.widget.RecyclerView: androidx.recyclerview.widget.RecyclerView$Adapter getAdapter()
androidx.preference.CheckBoxPreference: CheckBoxPreference(android.content.Context,android.util.AttributeSet)
androidx.core.view.ViewGroupCompat$Api21Impl: int getNestedScrollAxes(android.view.ViewGroup)
androidx.appcompat.widget.AppCompatTextViewAutoSizeHelper$Impl29: boolean isHorizontallyScrollable(android.widget.TextView)
androidx.appcompat.widget.ActivityChooserView$InnerLayout: ActivityChooserView$InnerLayout(android.content.Context,android.util.AttributeSet)
io.flutter.plugin.editing.ImeSyncDeferringInsetsCallback$AnimationCallback: void onEnd(android.view.WindowInsetsAnimation)
io.flutter.plugins.imagepicker.Messages$SourceCamera: io.flutter.plugins.imagepicker.Messages$SourceCamera[] values()
androidx.media3.extractor.mp3.Mp3Extractor: Mp3Extractor()
androidx.appcompat.widget.Toolbar: void setLogoDescription(int)
com.google.common.collect.AbstractMapEntry: AbstractMapEntry()
androidx.core.view.accessibility.AccessibilityNodeInfoCompat$Api34Impl: void setContainerTitle(android.view.accessibility.AccessibilityNodeInfo,java.lang.CharSequence)
okhttp3.OkHttpClient: OkHttpClient()
androidx.core.view.ViewCompat$Api21Impl: void setTranslationZ(android.view.View,float)
io.flutter.embedding.engine.renderer.FlutterRenderer$ImageReaderSurfaceProducer: void waitOnFence(android.media.Image)