build/app/outputs/mapping/release/mapping.txt
# compiler: R8
# compiler_version: 3.3.70
# min_api: 21
# common_typos_disable
# {"id":"com.android.tools.r8.mapping","version":"2.0"}
# pg_map_id: cea78cb
# pg_map_hash: SHA-256 cea78cbd28fa26dbcb443b9070ae7e707e4613cdf77390f82e5e306a21214bac
...
androidx.lifecycle.ViewModelProvider$OnRequeryFactory -> androidx.lifecycle.m0$d:
    void onRequery(androidx.lifecycle.ViewModel) -> c
androidx.lifecycle.ViewModelProviderGetKt -> androidx.lifecycle.o0:
    androidx.lifecycle.viewmodel.CreationExtras defaultCreationExtras(androidx.lifecycle.ViewModelStoreOwner) -> a
androidx.lifecycle.ViewModelStore -> androidx.lifecycle.p0:
    java.util.Map map -> a
    void clear() -> a
    androidx.lifecycle.ViewModel get(java.lang.String) -> b
    java.util.Set keys() -> c
    void put(java.lang.String,androidx.lifecycle.ViewModel) -> d
androidx.lifecycle.ViewModelStoreOwner -> androidx.lifecycle.q0:
    androidx.lifecycle.ViewModelStore getViewModelStore() -> o
androidx.lifecycle.ViewTreeLifecycleOwner -> androidx.lifecycle.r0:
    void set(android.view.View,androidx.lifecycle.LifecycleOwner) -> a
androidx.lifecycle.ViewTreeViewModelStoreOwner -> androidx.lifecycle.s0:
    void set(android.view.View,androidx.lifecycle.ViewModelStoreOwner) -> a
androidx.lifecycle.runtime.R$id -> l0.a:
    int view_tree_lifecycle_owner -> a
androidx.lifecycle.viewmodel.CreationExtras -> m0.a:
    java.util.Map map -> a
    java.lang.Object get(androidx.lifecycle.viewmodel.CreationExtras$Key) -> a
    java.util.Map getMap$lifecycle_viewmodel_release() -> b
androidx.lifecycle.viewmodel.CreationExtras$Empty -> m0.a$a:
    androidx.lifecycle.viewmodel.CreationExtras$Empty INSTANCE -> b
    java.lang.Object get(androidx.lifecycle.viewmodel.CreationExtras$Key) -> a
androidx.lifecycle.viewmodel.CreationExtras$Key -> m0.a$b:
androidx.lifecycle.viewmodel.MutableCreationExtras -> m0.b:
    java.lang.Object get(androidx.lifecycle.viewmodel.CreationExtras$Key) -> a
    void set(androidx.lifecycle.viewmodel.CreationExtras$Key,java.lang.Object) -> c
androidx.lifecycle.viewmodel.R$id -> m0.c:
    int view_tree_view_model_store_owner -> a
androidx.loader.app.LoaderManager -> androidx.loader.app.a:
    void dump(java.lang.String,java.io.FileDescriptor,java.io.PrintWriter,java.lang.String[]) -> a
    androidx.loader.app.LoaderManager getInstance(androidx.lifecycle.LifecycleOwner) -> b
    void markForRedelivery() -> c
androidx.loader.app.LoaderManagerImpl -> androidx.loader.app.b:
    androidx.lifecycle.LifecycleOwner mLifecycleOwner -> a
    androidx.loader.app.LoaderManagerImpl$LoaderViewModel mLoaderViewModel -> b
    boolean DEBUG -> c
    void dump(java.lang.String,java.io.FileDescriptor,java.io.PrintWriter,java.lang.String[]) -> a
    void markForRedelivery() -> c
androidx.loader.app.LoaderManagerImpl$LoaderInfo -> androidx.loader.app.b$a:
    int mId -> l
    android.os.Bundle mArgs -> m
    void onActive() -> e
    void onInactive() -> f
    void setValue(java.lang.Object) -> g
    androidx.loader.content.Loader destroy(boolean) -> h
    void dump(java.lang.String,java.io.FileDescriptor,java.io.PrintWriter,java.lang.String[]) -> i
    void markForRedelivery() -> j
androidx.loader.app.LoaderManagerImpl$LoaderViewModel -> androidx.loader.app.b$b:
    androidx.collection.SparseArrayCompat mLoaders -> d
    androidx.lifecycle.ViewModelProvider$Factory FACTORY -> f
    boolean mCreatingLoader -> e
    void onCleared() -> d
    void dump(java.lang.String,java.io.FileDescriptor,java.io.PrintWriter,java.lang.String[]) -> f
    androidx.loader.app.LoaderManagerImpl$LoaderViewModel getInstance(androidx.lifecycle.ViewModelStore) -> g
    void markForRedelivery() -> h
androidx.loader.app.LoaderManagerImpl$LoaderViewModel$1 -> androidx.loader.app.b$b$a:
    androidx.lifecycle.ViewModel create(java.lang.Class) -> a
    androidx.lifecycle.ViewModel create(java.lang.Class,androidx.lifecycle.viewmodel.CreationExtras) -> b
      # {"id":"com.android.tools.r8.synthesized"}
androidx.loader.content.Loader -> n0.a: