build/app/outputs/mapping/release/usage.txt
com.example.divmeds.BuildConfig
com.example.divmeds.R$anim
com.example.divmeds.R$animator
com.example.divmeds.R$attr
com.example.divmeds.R$bool
com.example.divmeds.R$color
com.example.divmeds.R$dimen
com.example.divmeds.R$drawable
com.example.divmeds.R$id
com.example.divmeds.R$integer
com.example.divmeds.R$interpolator
com.example.divmeds.R$layout
com.example.divmeds.R$menu
com.example.divmeds.R$mipmap
com.example.divmeds.R$string
com.example.divmeds.R$style
com.example.divmeds.R$styleable
com.example.divmeds.R$xml
com.example.divmeds.R
...
com.baseflow.permissionhandler.R$anim
com.baseflow.permissionhandler.R$animator
com.baseflow.permissionhandler.R$attr
com.baseflow.permissionhandler.R$color
com.baseflow.permissionhandler.R$dimen
com.baseflow.permissionhandler.R$drawable
com.baseflow.permissionhandler.R$id
com.baseflow.permissionhandler.R$integer
com.baseflow.permissionhandler.R$layout
com.baseflow.permissionhandler.R$string
com.baseflow.permissionhandler.R$style
com.baseflow.permissionhandler.R$styleable
com.baseflow.permissionhandler.R
com.fluttercandies.flutter_image_compress.BuildConfig
com.fluttercandies.flutter_image_compress.ImageCompressPlugin$Companion:
    public final void setShowLog(boolean)
com.fluttercandies.flutter_image_compress.ImageCompressPlugin:
    public static final synthetic void access$setShowLog$cp(boolean)
com.fluttercandies.flutter_image_compress.R$anim
com.fluttercandies.flutter_image_compress.R$animator
com.fluttercandies.flutter_image_compress.R$attr
com.fluttercandies.flutter_image_compress.R$color
com.fluttercandies.flutter_image_compress.R$dimen
com.fluttercandies.flutter_image_compress.R$drawable
com.fluttercandies.flutter_image_compress.R$id
com.fluttercandies.flutter_image_compress.R$integer
com.fluttercandies.flutter_image_compress.R$layout
com.fluttercandies.flutter_image_compress.R$string
com.fluttercandies.flutter_image_compress.R$style
com.fluttercandies.flutter_image_compress.R$styleable
com.fluttercandies.flutter_image_compress.R
com.fluttercandies.flutter_image_compress.core.ResultHandler$Companion:
    private static synthetic void getHandler$annotations()
    public static synthetic void getThreadPool$annotations()
com.fluttercandies.flutter_image_compress.core.ResultHandler:
    public static final java.util.concurrent.ExecutorService getThreadPool()
    public final void replyError(java.lang.String,java.lang.String,java.lang.Object)
    public static synthetic void replyError$default(com.fluttercandies.flutter_image_compress.core.ResultHandler,java.lang.String,java.lang.String,java.lang.Object,int,java.lang.Object)
    private static final void replyError$lambda-1(io.flutter.plugin.common.MethodChannel$Result,java.lang.String,java.lang.String,java.lang.Object)
com.fluttercandies.flutter_image_compress.exception.CompressError:
    public void <init>(java.lang.String)
com.fluttercandies.flutter_image_compress.exif.ExifKeeper:
    public void copyExifToFile(java.io.File)
com.fluttercandies.flutter_image_compress.ext.BitmapCompressExtKt:
    public static synthetic void compress$default(android.graphics.Bitmap,int,int,int,int,java.io.OutputStream,int,int,java.lang.Object)
    public static synthetic byte[] compress$default(android.graphics.Bitmap,int,int,int,int,int,int,java.lang.Object)
com.fluttercandies.flutter_image_compress.handle.FormatHandler:
    public abstract java.lang.String getTypeName()
com.fluttercandies.flutter_image_compress.handle.common.CommonHandler:
    static synthetic byte[] compress$default(com.fluttercandies.flutter_image_compress.handle.common.CommonHandler,byte[],int,int,int,int,int,int,java.lang.Object)
    public java.lang.String getTypeName()
com.fluttercandies.flutter_image_compress.handle.heif.HeifHandler:
    static synthetic void compress$default(com.fluttercandies.flutter_image_compress.handle.heif.HeifHandler,java.lang.String,int,int,int,int,int,java.lang.String,int,java.lang.Object)
    static synthetic void compress$default(com.fluttercandies.flutter_image_compress.handle.heif.HeifHandler,byte[],int,int,int,int,int,java.lang.String,int,java.lang.Object)
    public java.lang.String getTypeName()
com.google.common.annotations.Beta
com.google.common.annotations.GwtCompatible
com.google.common.annotations.GwtIncompatible
com.google.common.annotations.J2ktIncompatible
com.google.common.annotations.VisibleForTesting
com.google.common.base.Absent